# JRE version: Java(TM) SE Runtime Environment (7.0_45-b18) (build 1.7.0_45-b18)
# Java VM: Java HotSpot(TM) 64-Bit Server VM (24.45-b08 mixed mode linux-amd64 compressed oops)
Heap
 PSYoungGen      total 9787392K, used 8402251K [0x00007f0eb4600000, 0x00007f115f100000, 0x00007f115f100000)
  eden space 8389632K, 100% used [0x00007f0eb4600000,0x00007f10b4700000,0x00007f10b4700000)
  from space 1397760K, 0% used [0x00007f10b4700000,0x00007f10b5352f58,0x00007f1109c00000)
  to   space 12800K, 99% used [0x00007f115e480000,0x00007f115f0f5400,0x00007f115f100000)
 ParOldGen       total 22369792K, used 16K [0x00007f095f080000, 0x00007f0eb4600000, 0x00007f0eb4600000)
  object space 22369792K, 0% used [0x00007f095f080000,0x00007f095f084000,0x00007f0eb4600000)
 PSPermGen       total 21504K, used 3300K [0x00007f0959e80000, 0x00007f095b380000, 0x00007f095f080000)
  object space 21504K, 15% used [0x00007f0959e80000,0x00007f095a1b9398,0x00007f095b380000)
GC Heap History (10 events):
Event: 15.562 GC heap after
Heap after GC invocations=1 (full 0):
 PSYoungGen      total 9787392K, used 12574K [0x00007f0eb4600000, 0x00007f115f100000, 0x00007f115f100000)
  eden space 8389632K, 0% used [0x00007f0eb4600000,0x00007f0eb4600000,0x00007f10b4700000)
  from space 1397760K, 0% used [0x00007f10b4700000,0x00007f10b5347860,0x00007f1109c00000)
  to   space 1397760K, 0% used [0x00007f1109c00000,0x00007f1109c00000,0x00007f115f100000)
 ParOldGen       total 22369792K, used 8K [0x00007f095f080000, 0x00007f0eb4600000, 0x00007f0eb4600000)
  object space 22369792K, 0% used [0x00007f095f080000,0x00007f095f082000,0x00007f0eb4600000)
 PSPermGen       total 21504K, used 3297K [0x00007f0959e80000, 0x00007f095b380000, 0x00007f095f080000)
  object space 21504K, 15% used [0x00007f0959e80000,0x00007f095a1b8568,0x00007f095b380000)
}
Event: 16.661 GC heap before
{Heap before GC invocations=2 (full 0):
 PSYoungGen      total 9787392K, used 8402206K [0x00007f0eb4600000, 0x00007f115f100000, 0x00007f115f100000)
  eden space 8389632K, 100% used [0x00007f0eb4600000,0x00007f10b4700000,0x00007f10b4700000)
  from space 1397760K, 0% used [0x00007f10b4700000,0x00007f10b5347860,0x00007f1109c00000)
  to   space 1397760K, 0% used [0x00007f1109c00000,0x00007f1109c00000,0x00007f115f100000)
 ParOldGen       total 22369792K, used 8K [0x00007f095f080000, 0x00007f0eb4600000, 0x00007f0eb4600000)
  object space 22369792K, 0% used [0x00007f095f080000,0x00007f095f082000,0x00007f0eb4600000)
 PSPermGen       total 21504K, used 3300K [0x00007f0959e80000, 0x00007f095b380000, 0x00007f095f080000)
  object space 21504K, 15% used [0x00007f0959e80000,0x00007f095a1b90e8,0x00007f095b380000)
Event: 16.664 GC heap after
Heap after GC invocations=2 (full 0):
 PSYoungGen      total 9787392K, used 12464K [0x00007f0eb4600000, 0x00007f115f100000, 0x00007f115f100000)
  eden space 8389632K, 0% used [0x00007f0eb4600000,0x00007f0eb4600000,0x00007f10b4700000)
  from space 1397760K, 0% used [0x00007f1109c00000,0x00007f110a82c190,0x00007f115f100000)
  to   space 1397760K, 0% used [0x00007f10b4700000,0x00007f10b4700000,0x00007f1109c00000)
 ParOldGen       total 22369792K, used 16K [0x00007f095f080000, 0x00007f0eb4600000, 0x00007f0eb4600000)
  object space 22369792K, 0% used [0x00007f095f080000,0x00007f095f084000,0x00007f0eb4600000)
 PSPermGen       total 21504K, used 3300K [0x00007f0959e80000, 0x00007f095b380000, 0x00007f095f080000)
  object space 21504K, 15% used [0x00007f0959e80000,0x00007f095a1b90e8,0x00007f095b380000)
}
Event: 17.779 GC heap before
{Heap before GC invocations=3 (full 0):
 PSYoungGen      total 9787392K, used 8402096K [0x00007f0eb4600000, 0x00007f115f100000, 0x00007f115f100000)
  eden space 8389632K, 100% used [0x00007f0eb4600000,0x00007f10b4700000,0x00007f10b4700000)
  from space 1397760K, 0% used [0x00007f1109c00000,0x00007f110a82c190,0x00007f115f100000)
  to   space 1397760K, 0% used [0x00007f10b4700000,0x00007f10b4700000,0x00007f1109c00000)
 ParOldGen       total 22369792K, used 16K [0x00007f095f080000, 0x00007f0eb4600000, 0x00007f0eb4600000)
  object space 22369792K, 0% used [0x00007f095f080000,0x00007f095f084000,0x00007f0eb4600000)
 PSPermGen       total 21504K, used 3300K [0x00007f0959e80000, 0x00007f095b380000, 0x00007f095f080000)
  object space 21504K, 15% used [0x00007f0959e80000,0x00007f095a1b90e8,0x00007f095b380000)
Event: 17.782 GC heap after
Heap after GC invocations=3 (full 0):
 PSYoungGen      total 9787392K, used 12571K [0x00007f0eb4600000, 0x00007f115f100000, 0x00007f115f100000)
  eden space 8389632K, 0% used [0x00007f0eb4600000,0x00007f0eb4600000,0x00007f10b4700000)
  from space 1397760K, 0% used [0x00007f10b4700000,0x00007f10b5346f68,0x00007f1109c00000)
  to   space 1397760K, 0% used [0x00007f1109c00000,0x00007f1109c00000,0x00007f115f100000)
 ParOldGen       total 22369792K, used 16K [0x00007f095f080000, 0x00007f0eb4600000, 0x00007f0eb4600000)
  object space 22369792K, 0% used [0x00007f095f080000,0x00007f095f084000,0x00007f0eb4600000)
 PSPermGen       total 21504K, used 3300K [0x00007f0959e80000, 0x00007f095b380000, 0x00007f095f080000)
  object space 21504K, 15% used [0x00007f0959e80000,0x00007f095a1b90e8,0x00007f095b380000)
}
Event: 18.861 GC heap before
{Heap before GC invocations=4 (full 0):
 PSYoungGen      total 9787392K, used 8402203K [0x00007f0eb4600000, 0x00007f115f100000, 0x00007f115f100000)
  eden space 8389632K, 100% used [0x00007f0eb4600000,0x00007f10b4700000,0x00007f10b4700000)
  from space 1397760K, 0% used [0x00007f10b4700000,0x00007f10b5346f68,0x00007f1109c00000)
  to   space 1397760K, 0% used [0x00007f1109c00000,0x00007f1109c00000,0x00007f115f100000)
 ParOldGen       total 22369792K, used 16K [0x00007f095f080000, 0x00007f0eb4600000, 0x00007f0eb4600000)
  object space 22369792K, 0% used [0x00007f095f080000,0x00007f095f084000,0x00007f0eb4600000)
 PSPermGen       total 21504K, used 3300K [0x00007f0959e80000, 0x00007f095b380000, 0x00007f095f080000)
  object space 21504K, 15% used [0x00007f0959e80000,0x00007f095a1b90e8,0x00007f095b380000)
Event: 18.864 GC heap after
Heap after GC invocations=4 (full 0):
 PSYoungGen      total 9787392K, used 12587K [0x00007f0eb4600000, 0x00007f115f100000, 0x00007f115f100000)
  eden space 8389632K, 0% used [0x00007f0eb4600000,0x00007f0eb4600000,0x00007f10b4700000)
  from space 1397760K, 0% used [0x00007f1109c00000,0x00007f110a84af58,0x00007f115f100000)
  to   space 1397760K, 0% used [0x00007f10b4700000,0x00007f10b4700000,0x00007f1109c00000)
 ParOldGen       total 22369792K, used 16K [0x00007f095f080000, 0x00007f0eb4600000, 0x00007f0eb4600000)
  object space 22369792K, 0% used [0x00007f095f080000,0x00007f095f084000,0x00007f0eb4600000)
 PSPermGen       total 21504K, used 3300K [0x00007f0959e80000, 0x00007f095b380000, 0x00007f095f080000)
  object space 21504K, 15% used [0x00007f0959e80000,0x00007f095a1b90e8,0x00007f095b380000)
}
Event: 19.949 GC heap before
{Heap before GC invocations=5 (full 0):
 PSYoungGen      total 9787392K, used 8402219K [0x00007f0eb4600000, 0x00007f115f100000, 0x00007f115f100000)
  eden space 8389632K, 100% used [0x00007f0eb4600000,0x00007f10b4700000,0x00007f10b4700000)
  from space 1397760K, 0% used [0x00007f1109c00000,0x00007f110a84af58,0x00007f115f100000)
  to   space 1397760K, 0% used [0x00007f10b4700000,0x00007f10b4700000,0x00007f1109c00000)
 ParOldGen       total 22369792K, used 16K [0x00007f095f080000, 0x00007f0eb4600000, 0x00007f0eb4600000)
  object space 22369792K, 0% used [0x00007f095f080000,0x00007f095f084000,0x00007f0eb4600000)
 PSPermGen       total 21504K, used 3300K [0x00007f0959e80000, 0x00007f095b380000, 0x00007f095f080000)
  object space 21504K, 15% used [0x00007f0959e80000,0x00007f095a1b9398,0x00007f095b380000)
Event: 19.956 GC heap after
Heap after GC invocations=5 (full 0):
 PSYoungGen      total 9787392K, used 12619K [0x00007f0eb4600000, 0x00007f115f100000, 0x00007f115f100000)
  eden space 8389632K, 0% used [0x00007f0eb4600000,0x00007f0eb4600000,0x00007f10b4700000)
  from space 1397760K, 0% used [0x00007f10b4700000,0x00007f10b5352f58,0x00007f1109c00000)
  to   space 12800K, 0% used [0x00007f115e480000,0x00007f115e480000,0x00007f115f100000)
 ParOldGen       total 22369792K, used 16K [0x00007f095f080000, 0x00007f0eb4600000, 0x00007f0eb4600000)
  object space 22369792K, 0% used [0x00007f095f080000,0x00007f095f084000,0x00007f0eb4600000)
 PSPermGen       total 21504K, used 3300K [0x00007f0959e80000, 0x00007f095b380000, 0x00007f095f080000)
  object space 21504K, 15% used [0x00007f0959e80000,0x00007f095a1b9398,0x00007f095b380000)
}
Event: 21.075 GC heap before
{Heap before GC invocations=6 (full 0):
 PSYoungGen      total 9787392K, used 8402251K [0x00007f0eb4600000, 0x00007f115f100000, 0x00007f115f100000)
  eden space 8389632K, 100% used [0x00007f0eb4600000,0x00007f10b4700000,0x00007f10b4700000)
  from space 1397760K, 0% used [0x00007f10b4700000,0x00007f10b5352f58,0x00007f1109c00000)
  to   space 12800K, 0% used [0x00007f115e480000,0x00007f115e480000,0x00007f115f100000)
 ParOldGen       total 22369792K, used 16K [0x00007f095f080000, 0x00007f0eb4600000, 0x00007f0eb4600000)
  object space 22369792K, 0% used [0x00007f095f080000,0x00007f095f084000,0x00007f0eb4600000)
 PSPermGen       total 21504K, used 3300K [0x00007f0959e80000, 0x00007f095b380000, 0x00007f095f080000)
  object space 21504K, 15% used [0x00007f0959e80000,0x00007f095a1b9398,0x00007f095b380000)

