# JRE version: Java(TM) SE Runtime Environment (7.0_45-b18) (build 1.7.0_45-b18)
# Java VM: Java HotSpot(TM) 64-Bit Server VM (24.45-b08 mixed mode linux-amd64 compressed oops)
Heap
 PSYoungGen      total 10398720K, used 8925920K [0x00007fab29d00000, 0x00007fadff280000, 0x00007fadff280000)
  eden space 8913408K, 100% used [0x00007fab29d00000,0x00007fad49d80000,0x00007fad49d80000)
  from space 1485312K, 0% used [0x00007fad49d80000,0x00007fad4a9b81a0,0x00007fada4800000)
  to   space 1485312K, 0% used [0x00007fada4800000,0x00007fada54301a0,0x00007fadff280000)
 ParOldGen       total 23768064K, used 8K [0x00007fa57f200000, 0x00007fab29d00000, 0x00007fab29d00000)
  object space 23768064K, 0% used [0x00007fa57f200000,0x00007fa57f202000,0x00007fab29d00000)
 PSPermGen       total 21504K, used 3300K [0x00007fa57a000000, 0x00007fa57b500000, 0x00007fa57f200000)
  object space 21504K, 15% used [0x00007fa57a000000,0x00007fa57a3390e8,0x00007fa57b500000)
GC Heap History (3 events):
Event: 16.052 GC heap before
{Heap before GC invocations=1 (full 0):
 PSYoungGen      total 10398720K, used 8913408K [0x00007fab29d00000, 0x00007fadff280000, 0x00007fadff280000)
  eden space 8913408K, 100% used [0x00007fab29d00000,0x00007fad49d80000,0x00007fad49d80000)
  from space 1485312K, 0% used [0x00007fada4800000,0x00007fada4800000,0x00007fadff280000)
  to   space 1485312K, 0% used [0x00007fad49d80000,0x00007fad49d80000,0x00007fada4800000)
 ParOldGen       total 23768064K, used 0K [0x00007fa57f200000, 0x00007fab29d00000, 0x00007fab29d00000)
  object space 23768064K, 0% used [0x00007fa57f200000,0x00007fa57f200000,0x00007fab29d00000)
 PSPermGen       total 21504K, used 3297K [0x00007fa57a000000, 0x00007fa57b500000, 0x00007fa57f200000)
  object space 21504K, 15% used [0x00007fa57a000000,0x00007fa57a338568,0x00007fa57b500000)
Event: 16.057 GC heap after
Heap after GC invocations=1 (full 0):
 PSYoungGen      total 10398720K, used 12512K [0x00007fab29d00000, 0x00007fadff280000, 0x00007fadff280000)
  eden space 8913408K, 0% used [0x00007fab29d00000,0x00007fab29d00000,0x00007fad49d80000)
  from space 1485312K, 0% used [0x00007fad49d80000,0x00007fad4a9b81a0,0x00007fada4800000)
  to   space 1485312K, 0% used [0x00007fada4800000,0x00007fada4800000,0x00007fadff280000)
 ParOldGen       total 23768064K, used 8K [0x00007fa57f200000, 0x00007fab29d00000, 0x00007fab29d00000)
  object space 23768064K, 0% used [0x00007fa57f200000,0x00007fa57f202000,0x00007fab29d00000)
 PSPermGen       total 21504K, used 3297K [0x00007fa57a000000, 0x00007fa57b500000, 0x00007fa57f200000)
  object space 21504K, 15% used [0x00007fa57a000000,0x00007fa57a338568,0x00007fa57b500000)
}
Event: 17.237 GC heap before
{Heap before GC invocations=2 (full 0):
 PSYoungGen      total 10398720K, used 8925920K [0x00007fab29d00000, 0x00007fadff280000, 0x00007fadff280000)
  eden space 8913408K, 100% used [0x00007fab29d00000,0x00007fad49d80000,0x00007fad49d80000)
  from space 1485312K, 0% used [0x00007fad49d80000,0x00007fad4a9b81a0,0x00007fada4800000)
  to   space 1485312K, 0% used [0x00007fada4800000,0x00007fada4800000,0x00007fadff280000)
 ParOldGen       total 23768064K, used 8K [0x00007fa57f200000, 0x00007fab29d00000, 0x00007fab29d00000)
  object space 23768064K, 0% used [0x00007fa57f200000,0x00007fa57f202000,0x00007fab29d00000)
 PSPermGen       total 21504K, used 3300K [0x00007fa57a000000, 0x00007fa57b500000, 0x00007fa57f200000)
  object space 21504K, 15% used [0x00007fa57a000000,0x00007fa57a3390e8,0x00007fa57b500000)

