# JRE version: Java(TM) SE Runtime Environment (7.0_45-b18) (build 1.7.0_45-b18)
# Java VM: Java HotSpot(TM) 64-Bit Server VM (24.45-b08 mixed mode linux-amd64 compressed oops)
Heap
 PSYoungGen      total 5126144K, used 1443225K [0x00007f9dbe300000, 0x00007fa068e00000, 0x00007fa068e00000)
  eden space 3728384K, 1% used [0x00007f9dbe300000,0x00007f9dc0f6d150,0x00007f9ea1c00000)
  from space 1397760K, 99% used [0x00007fa013900000,0x00007fa068df92c0,0x00007fa068e00000)
  to   space 3728384K, 0% used [0x00007f9ea1c00000,0x00007f9ea1c00000,0x00007f9f85500000)
 ParOldGen       total 22369792K, used 7589520K [0x00007f9868d80000, 0x00007f9dbe300000, 0x00007f9dbe300000)
  object space 22369792K, 33% used [0x00007f9868d80000,0x00007f9a38124000,0x00007f9dbe300000)
 PSPermGen       total 25088K, used 25015K [0x00007f9863b80000, 0x00007f9865400000, 0x00007f9868d80000)
  object space 25088K, 99% used [0x00007f9863b80000,0x00007f98653edcb0,0x00007f9865400000)
GC Heap History (10 events):
Event: 28.498 GC heap before
{Heap before GC invocations=2 (full 0):
 PSYoungGen      total 9787392K, used 8556600K [0x00007f9dbe300000, 0x00007fa068e00000, 0x00007fa068e00000)
  eden space 8389632K, 100% used [0x00007f9dbe300000,0x00007f9fbe400000,0x00007f9fbe400000)
  from space 1397760K, 11% used [0x00007f9fbe400000,0x00007f9fc870e2a0,0x00007fa013900000)
  to   space 1397760K, 0% used [0x00007fa013900000,0x00007fa013900000,0x00007fa068e00000)
 ParOldGen       total 22369792K, used 8K [0x00007f9868d80000, 0x00007f9dbe300000, 0x00007f9dbe300000)
  object space 22369792K, 0% used [0x00007f9868d80000,0x00007f9868d82000,0x00007f9dbe300000)
 PSPermGen       total 25088K, used 24975K [0x00007f9863b80000, 0x00007f9865400000, 0x00007f9868d80000)
  object space 25088K, 99% used [0x00007f9863b80000,0x00007f98653e3c08,0x00007f9865400000)
Event: 28.572 GC heap after
Heap after GC invocations=2 (full 0):
 PSYoungGen      total 9787392K, used 188543K [0x00007f9dbe300000, 0x00007fa068e00000, 0x00007fa068e00000)
  eden space 8389632K, 0% used [0x00007f9dbe300000,0x00007f9dbe300000,0x00007f9fbe400000)
  from space 1397760K, 13% used [0x00007fa013900000,0x00007fa01f11fe40,0x00007fa068e00000)
  to   space 1397760K, 0% used [0x00007f9fbe400000,0x00007f9fbe400000,0x00007fa013900000)
 ParOldGen       total 22369792K, used 16K [0x00007f9868d80000, 0x00007f9dbe300000, 0x00007f9dbe300000)
  object space 22369792K, 0% used [0x00007f9868d80000,0x00007f9868d84000,0x00007f9dbe300000)
 PSPermGen       total 25088K, used 24975K [0x00007f9863b80000, 0x00007f9865400000, 0x00007f9868d80000)
  object space 25088K, 99% used [0x00007f9863b80000,0x00007f98653e3c08,0x00007f9865400000)
}
Event: 59.986 GC heap before
{Heap before GC invocations=3 (full 0):
 PSYoungGen      total 9787392K, used 8578175K [0x00007f9dbe300000, 0x00007fa068e00000, 0x00007fa068e00000)
  eden space 8389632K, 100% used [0x00007f9dbe300000,0x00007f9fbe400000,0x00007f9fbe400000)
  from space 1397760K, 13% used [0x00007fa013900000,0x00007fa01f11fe40,0x00007fa068e00000)
  to   space 1397760K, 0% used [0x00007f9fbe400000,0x00007f9fbe400000,0x00007fa013900000)
 ParOldGen       total 22369792K, used 16K [0x00007f9868d80000, 0x00007f9dbe300000, 0x00007f9dbe300000)
  object space 22369792K, 0% used [0x00007f9868d80000,0x00007f9868d84000,0x00007f9dbe300000)
 PSPermGen       total 25088K, used 24975K [0x00007f9863b80000, 0x00007f9865400000, 0x00007f9868d80000)
  object space 25088K, 99% used [0x00007f9863b80000,0x00007f98653e3c48,0x00007f9865400000)
Event: 63.153 GC heap after
Heap after GC invocations=3 (full 0):
 PSYoungGen      total 9787392K, used 1397748K [0x00007f9dbe300000, 0x00007fa068e00000, 0x00007fa068e00000)
  eden space 8389632K, 0% used [0x00007f9dbe300000,0x00007f9dbe300000,0x00007f9fbe400000)
  from space 1397760K, 99% used [0x00007f9fbe400000,0x00007fa0138fd270,0x00007fa013900000)
  to   space 1397760K, 0% used [0x00007fa013900000,0x00007fa013900000,0x00007fa068e00000)
 ParOldGen       total 22369792K, used 4764048K [0x00007f9868d80000, 0x00007f9dbe300000, 0x00007f9dbe300000)
  object space 22369792K, 21% used [0x00007f9868d80000,0x00007f998b9e4000,0x00007f9dbe300000)
 PSPermGen       total 25088K, used 24975K [0x00007f9863b80000, 0x00007f9865400000, 0x00007f9868d80000)
  object space 25088K, 99% used [0x00007f9863b80000,0x00007f98653e3c48,0x00007f9865400000)
}
Event: 88.733 GC heap before
{Heap before GC invocations=4 (full 0):
 PSYoungGen      total 9787392K, used 9787380K [0x00007f9dbe300000, 0x00007fa068e00000, 0x00007fa068e00000)
  eden space 8389632K, 100% used [0x00007f9dbe300000,0x00007f9fbe400000,0x00007f9fbe400000)
  from space 1397760K, 99% used [0x00007f9fbe400000,0x00007fa0138fd270,0x00007fa013900000)
  to   space 1397760K, 0% used [0x00007fa013900000,0x00007fa013900000,0x00007fa068e00000)
 ParOldGen       total 22369792K, used 4764048K [0x00007f9868d80000, 0x00007f9dbe300000, 0x00007f9dbe300000)
  object space 22369792K, 21% used [0x00007f9868d80000,0x00007f998b9e4000,0x00007f9dbe300000)
 PSPermGen       total 25088K, used 25010K [0x00007f9863b80000, 0x00007f9865400000, 0x00007f9868d80000)
  object space 25088K, 99% used [0x00007f9863b80000,0x00007f98653ec8d0,0x00007f9865400000)
Event: 89.458 GC heap after
Heap after GC invocations=4 (full 0):
 PSYoungGen      total 9787392K, used 378708K [0x00007f9dbe300000, 0x00007fa068e00000, 0x00007fa068e00000)
  eden space 8389632K, 0% used [0x00007f9dbe300000,0x00007f9dbe300000,0x00007f9fbe400000)
  from space 1397760K, 27% used [0x00007fa013900000,0x00007fa02aad5250,0x00007fa068e00000)
  to   space 1397760K, 0% used [0x00007f9fbe400000,0x00007f9fbe400000,0x00007fa013900000)
 ParOldGen       total 22369792K, used 4764048K [0x00007f9868d80000, 0x00007f9dbe300000, 0x00007f9dbe300000)
  object space 22369792K, 21% used [0x00007f9868d80000,0x00007f998b9e4000,0x00007f9dbe300000)
 PSPermGen       total 25088K, used 25010K [0x00007f9863b80000, 0x00007f9865400000, 0x00007f9868d80000)
  object space 25088K, 99% used [0x00007f9863b80000,0x00007f98653ec8d0,0x00007f9865400000)
}
Event: 116.323 GC heap before
{Heap before GC invocations=5 (full 0):
 PSYoungGen      total 9787392K, used 8768340K [0x00007f9dbe300000, 0x00007fa068e00000, 0x00007fa068e00000)
  eden space 8389632K, 100% used [0x00007f9dbe300000,0x00007f9fbe400000,0x00007f9fbe400000)
  from space 1397760K, 27% used [0x00007fa013900000,0x00007fa02aad5250,0x00007fa068e00000)
  to   space 1397760K, 0% used [0x00007f9fbe400000,0x00007f9fbe400000,0x00007fa013900000)
 ParOldGen       total 22369792K, used 4764048K [0x00007f9868d80000, 0x00007f9dbe300000, 0x00007f9dbe300000)
  object space 22369792K, 21% used [0x00007f9868d80000,0x00007f998b9e4000,0x00007f9dbe300000)
 PSPermGen       total 25088K, used 25013K [0x00007f9863b80000, 0x00007f9865400000, 0x00007f9868d80000)
  object space 25088K, 99% used [0x00007f9863b80000,0x00007f98653ed5d0,0x00007f9865400000)
Event: 124.805 GC heap after
Heap after GC invocations=5 (full 0):
 PSYoungGen      total 9787392K, used 1397732K [0x00007f9dbe300000, 0x00007fa068e00000, 0x00007fa068e00000)
  eden space 8389632K, 0% used [0x00007f9dbe300000,0x00007f9dbe300000,0x00007f9fbe400000)
  from space 1397760K, 99% used [0x00007f9fbe400000,0x00007fa0138f92c0,0x00007fa013900000)
  to   space 1397760K, 0% used [0x00007fa013900000,0x00007fa013900000,0x00007fa068e00000)
 ParOldGen       total 22369792K, used 6952856K [0x00007f9868d80000, 0x00007f9dbe300000, 0x00007f9dbe300000)
  object space 22369792K, 31% used [0x00007f9868d80000,0x00007f9a11366000,0x00007f9dbe300000)
 PSPermGen       total 25088K, used 25013K [0x00007f9863b80000, 0x00007f9865400000, 0x00007f9868d80000)
  object space 25088K, 99% used [0x00007f9863b80000,0x00007f98653ed5d0,0x00007f9865400000)
}
Event: 196.559 GC heap before
{Heap before GC invocations=6 (full 0):
 PSYoungGen      total 9787392K, used 9767006K [0x00007f9dbe300000, 0x00007fa068e00000, 0x00007fa068e00000)
  eden space 8389632K, 99% used [0x00007f9dbe300000,0x00007f9fbd01e730,0x00007f9fbe400000)
  from space 1397760K, 99% used [0x00007f9fbe400000,0x00007fa0138f92c0,0x00007fa013900000)
  to   space 1397760K, 0% used [0x00007fa013900000,0x00007fa013900000,0x00007fa068e00000)
 ParOldGen       total 22369792K, used 6952856K [0x00007f9868d80000, 0x00007f9dbe300000, 0x00007f9dbe300000)
  object space 22369792K, 31% used [0x00007f9868d80000,0x00007f9a11366000,0x00007f9dbe300000)
 PSPermGen       total 25088K, used 25015K [0x00007f9863b80000, 0x00007f9865400000, 0x00007f9868d80000)
  object space 25088K, 99% used [0x00007f9863b80000,0x00007f98653edcb0,0x00007f9865400000)
Event: 220.792 GC heap after
Heap after GC invocations=6 (full 0):
 PSYoungGen      total 5126144K, used 1397732K [0x00007f9dbe300000, 0x00007fa068e00000, 0x00007fa068e00000)
  eden space 3728384K, 0% used [0x00007f9dbe300000,0x00007f9dbe300000,0x00007f9ea1c00000)
  from space 1397760K, 99% used [0x00007fa013900000,0x00007fa068df92c0,0x00007fa068e00000)
  to   space 3728384K, 0% used [0x00007f9ea1c00000,0x00007f9ea1c00000,0x00007f9f85500000)
 ParOldGen       total 22369792K, used 7589520K [0x00007f9868d80000, 0x00007f9dbe300000, 0x00007f9dbe300000)
  object space 22369792K, 33% used [0x00007f9868d80000,0x00007f9a38124000,0x00007f9dbe300000)
 PSPermGen       total 25088K, used 25015K [0x00007f9863b80000, 0x00007f9865400000, 0x00007f9868d80000)
  object space 25088K, 99% used [0x00007f9863b80000,0x00007f98653edcb0,0x00007f9865400000)
}

